# JRE version: OpenJDK Runtime Environment Microsoft-8035246 (17.0.8+7) (build 17.0.8+7-LTS)
# Java VM: OpenJDK 64-Bit Server VM Microsoft-8035246 (17.0.8+7-LTS, mixed mode, sharing, tiered, compressed oops, compressed class ptrs, g1 gc, windows-amd64)
GC Precious Log:
 CPUs: 4 total, 4 available
 Memory: 16070M
 Large Page Support: Disabled
 NUMA Support: Disabled
 Compressed Oops: Enabled (32-bit)
 Heap Region Size: 1M
 Heap Min Capacity: 8M
 Heap Initial Capacity: 252M
 Heap Max Capacity: 2G
 Pre-touch: Disabled
 Parallel Workers: 4
 Concurrent Workers: 1
 Concurrent Refinement Workers: 4
 Periodic GC: Disabled
Heap:
 garbage-first heap   total 373760K, used 267789K [0x0000000080000000, 0x0000000100000000)
  region size 1024K, 32 young (32768K), 6 survivors (6144K)
 Metaspace       used 109964K, committed 111232K, reserved 557056K
  class space    used 15350K, committed 15936K, reserved 425984K
GC Heap History (20 events):
Event: 34.860 GC heap before
{Heap before GC invocations=36 (full 0):
 garbage-first heap   total 373760K, used 282941K [0x0000000080000000, 0x0000000100000000)
  region size 1024K, 179 young (183296K), 10 survivors (10240K)
 Metaspace       used 93532K, committed 94528K, reserved 557056K
  class space    used 13239K, committed 13696K, reserved 425984K
}
Event: 34.901 GC heap after
{Heap after GC invocations=37 (full 0):
 garbage-first heap   total 373760K, used 135288K [0x0000000080000000, 0x0000000100000000)
  region size 1024K, 23 young (23552K), 23 survivors (23552K)
 Metaspace       used 93532K, committed 94528K, reserved 557056K
  class space    used 13239K, committed 13696K, reserved 425984K
}
Event: 37.281 GC heap before
{Heap before GC invocations=37 (full 0):
 garbage-first heap   total 373760K, used 284792K [0x0000000080000000, 0x0000000100000000)
  region size 1024K, 165 young (168960K), 23 survivors (23552K)
 Metaspace       used 98602K, committed 99776K, reserved 557056K
  class space    used 13910K, committed 14464K, reserved 425984K
}
Event: 37.329 GC heap after
{Heap after GC invocations=38 (full 0):
 garbage-first heap   total 373760K, used 160177K [0x0000000080000000, 0x0000000100000000)
  region size 1024K, 21 young (21504K), 21 survivors (21504K)
 Metaspace       used 98602K, committed 99776K, reserved 557056K
  class space    used 13910K, committed 14464K, reserved 425984K
}
Event: 38.835 GC heap before
{Heap before GC invocations=38 (full 0):
 garbage-first heap   total 373760K, used 284081K [0x0000000080000000, 0x0000000100000000)
  region size 1024K, 142 young (145408K), 21 survivors (21504K)
 Metaspace       used 102713K, committed 103808K, reserved 557056K
  class space    used 14453K, committed 14976K, reserved 425984K
}
Event: 38.873 GC heap after
{Heap after GC invocations=39 (full 0):
 garbage-first heap   total 373760K, used 175104K [0x0000000080000000, 0x0000000100000000)
  region size 1024K, 14 young (14336K), 14 survivors (14336K)
 Metaspace       used 102713K, committed 103808K, reserved 557056K
  class space    used 14453K, committed 14976K, reserved 425984K
}
Event: 40.496 GC heap before
{Heap before GC invocations=39 (full 0):
 garbage-first heap   total 373760K, used 290816K [0x0000000080000000, 0x0000000100000000)
  region size 1024K, 125 young (128000K), 14 survivors (14336K)
 Metaspace       used 103503K, committed 104768K, reserved 557056K
  class space    used 14536K, committed 15104K, reserved 425984K
}
Event: 40.537 GC heap after
{Heap after GC invocations=40 (full 0):
 garbage-first heap   total 373760K, used 196608K [0x0000000080000000, 0x0000000100000000)
  region size 1024K, 16 young (16384K), 16 survivors (16384K)
 Metaspace       used 103503K, committed 104768K, reserved 557056K
  class space    used 14536K, committed 15104K, reserved 425984K
}
Event: 41.942 GC heap before
{Heap before GC invocations=40 (full 0):
 garbage-first heap   total 373760K, used 297984K [0x0000000080000000, 0x0000000100000000)
  region size 1024K, 110 young (112640K), 16 survivors (16384K)
 Metaspace       used 105955K, committed 107200K, reserved 557056K
  class space    used 14921K, committed 15488K, reserved 425984K
}
Event: 41.984 GC heap after
{Heap after GC invocations=41 (full 0):
 garbage-first heap   total 373760K, used 213504K [0x0000000080000000, 0x0000000100000000)
  region size 1024K, 14 young (14336K), 14 survivors (14336K)
 Metaspace       used 105955K, committed 107200K, reserved 557056K
  class space    used 14921K, committed 15488K, reserved 425984K
}
Event: 43.466 GC heap before
{Heap before GC invocations=41 (full 0):
 garbage-first heap   total 373760K, used 297472K [0x0000000080000000, 0x0000000100000000)
  region size 1024K, 96 young (98304K), 14 survivors (14336K)
 Metaspace       used 108859K, committed 110080K, reserved 557056K
  class space    used 15238K, committed 15808K, reserved 425984K
}
Event: 43.506 GC heap after
{Heap after GC invocations=42 (full 0):
 garbage-first heap   total 373760K, used 224768K [0x0000000080000000, 0x0000000100000000)
  region size 1024K, 11 young (11264K), 11 survivors (11264K)
 Metaspace       used 108859K, committed 110080K, reserved 557056K
  class space    used 15238K, committed 15808K, reserved 425984K
}
Event: 44.389 GC heap before
{Heap before GC invocations=42 (full 0):
 garbage-first heap   total 373760K, used 301568K [0x0000000080000000, 0x0000000100000000)
  region size 1024K, 86 young (88064K), 11 survivors (11264K)
 Metaspace       used 109281K, committed 110528K, reserved 557056K
  class space    used 15263K, committed 15808K, reserved 425984K
}
Event: 44.426 GC heap after
{Heap after GC invocations=43 (full 0):
 garbage-first heap   total 373760K, used 233472K [0x0000000080000000, 0x0000000100000000)
  region size 1024K, 9 young (9216K), 9 survivors (9216K)
 Metaspace       used 109281K, committed 110528K, reserved 557056K
  class space    used 15263K, committed 15808K, reserved 425984K
}
Event: 45.313 GC heap before
{Heap before GC invocations=43 (full 0):
 garbage-first heap   total 373760K, used 304128K [0x0000000080000000, 0x0000000100000000)
  region size 1024K, 79 young (80896K), 9 survivors (9216K)
 Metaspace       used 109637K, committed 110912K, reserved 557056K
  class space    used 15305K, committed 15872K, reserved 425984K
}
Event: 45.339 GC heap after
{Heap after GC invocations=44 (full 0):
 garbage-first heap   total 373760K, used 239014K [0x0000000080000000, 0x0000000100000000)
  region size 1024K, 6 young (6144K), 6 survivors (6144K)
 Metaspace       used 109637K, committed 110912K, reserved 557056K
  class space    used 15305K, committed 15872K, reserved 425984K
}
Event: 45.903 GC heap before
{Heap before GC invocations=44 (full 0):
 garbage-first heap   total 373760K, used 309670K [0x0000000080000000, 0x0000000100000000)
  region size 1024K, 75 young (76800K), 6 survivors (6144K)
 Metaspace       used 109962K, committed 111232K, reserved 557056K
  class space    used 15350K, committed 15936K, reserved 425984K
}
Event: 45.918 GC heap after
{Heap after GC invocations=45 (full 0):
 garbage-first heap   total 373760K, used 240640K [0x0000000080000000, 0x0000000100000000)
  region size 1024K, 7 young (7168K), 7 survivors (7168K)
 Metaspace       used 109962K, committed 111232K, reserved 557056K
  class space    used 15350K, committed 15936K, reserved 425984K
}
Event: 46.317 GC heap before
{Heap before GC invocations=45 (full 0):
 garbage-first heap   total 373760K, used 312320K [0x0000000080000000, 0x0000000100000000)
  region size 1024K, 77 young (78848K), 7 survivors (7168K)
 Metaspace       used 109963K, committed 111232K, reserved 557056K
  class space    used 15350K, committed 15936K, reserved 425984K
}
Event: 46.332 GC heap after
{Heap after GC invocations=46 (full 0):
 garbage-first heap   total 373760K, used 242189K [0x0000000080000000, 0x0000000100000000)
  region size 1024K, 6 young (6144K), 6 survivors (6144K)
 Metaspace       used 109963K, committed 111232K, reserved 557056K
  class space    used 15350K, committed 15936K, reserved 425984K
}

