# JRE version: OpenJDK Runtime Environment Microsoft-8035246 (17.0.8+7) (build 17.0.8+7-LTS)
# Java VM: OpenJDK 64-Bit Server VM Microsoft-8035246 (17.0.8+7-LTS, mixed mode, sharing, tiered, compressed oops, compressed class ptrs, g1 gc, windows-amd64)
GC Precious Log:
 CPUs: 4 total, 4 available
 Memory: 16070M
 Large Page Support: Disabled
 NUMA Support: Disabled
 Compressed Oops: Enabled (32-bit)
 Heap Region Size: 1M
 Heap Min Capacity: 8M
 Heap Initial Capacity: 252M
 Heap Max Capacity: 2G
 Pre-touch: Disabled
 Parallel Workers: 4
 Concurrent Workers: 1
 Concurrent Refinement Workers: 4
 Periodic GC: Disabled
Heap:
 garbage-first heap   total 437248K, used 255750K [0x0000000080000000, 0x0000000100000000)
  region size 1024K, 20 young (20480K), 3 survivors (3072K)
 Metaspace       used 109914K, committed 111168K, reserved 557056K
  class space    used 15348K, committed 15936K, reserved 425984K
GC Heap History (20 events):
Event: 38.057 GC heap before
{Heap before GC invocations=39 (full 0):
 garbage-first heap   total 335872K, used 171281K [0x0000000080000000, 0x0000000100000000)
  region size 1024K, 16 young (16384K), 10 survivors (10240K)
 Metaspace       used 100095K, committed 101120K, reserved 557056K
  class space    used 14124K, committed 14592K, reserved 425984K
}
Event: 38.070 GC heap after
{Heap after GC invocations=40 (full 0):
 garbage-first heap   total 335872K, used 163950K [0x0000000080000000, 0x0000000100000000)
  region size 1024K, 2 young (2048K), 2 survivors (2048K)
 Metaspace       used 100095K, committed 101120K, reserved 557056K
  class space    used 14124K, committed 14592K, reserved 425984K
}
Event: 39.009 GC heap before
{Heap before GC invocations=40 (full 0):
 garbage-first heap   total 335872K, used 255086K [0x0000000080000000, 0x0000000100000000)
  region size 1024K, 91 young (93184K), 2 survivors (2048K)
 Metaspace       used 102650K, committed 103744K, reserved 557056K
  class space    used 14448K, committed 14976K, reserved 425984K
}
Event: 39.028 GC heap after
{Heap after GC invocations=41 (full 0):
 garbage-first heap   total 335872K, used 174272K [0x0000000080000000, 0x0000000100000000)
  region size 1024K, 12 young (12288K), 12 survivors (12288K)
 Metaspace       used 102650K, committed 103744K, reserved 557056K
  class space    used 14448K, committed 14976K, reserved 425984K
}
Event: 39.507 GC heap before
{Heap before GC invocations=41 (full 0):
 garbage-first heap   total 335872K, used 222400K [0x0000000080000000, 0x0000000100000000)
  region size 1024K, 60 young (61440K), 12 survivors (12288K)
 Metaspace       used 102807K, committed 103872K, reserved 557056K
  class space    used 14463K, committed 14976K, reserved 425984K
}
Event: 39.531 GC heap after
{Heap after GC invocations=42 (full 0):
 garbage-first heap   total 335872K, used 184409K [0x0000000080000000, 0x0000000100000000)
  region size 1024K, 10 young (10240K), 10 survivors (10240K)
 Metaspace       used 102807K, committed 103872K, reserved 557056K
  class space    used 14463K, committed 14976K, reserved 425984K
}
Event: 40.959 GC heap before
{Heap before GC invocations=43 (full 0):
 garbage-first heap   total 335872K, used 264281K [0x0000000080000000, 0x0000000100000000)
  region size 1024K, 87 young (89088K), 10 survivors (10240K)
 Metaspace       used 103433K, committed 104640K, reserved 557056K
  class space    used 14531K, committed 15104K, reserved 425984K
}
Event: 40.985 GC heap after
{Heap after GC invocations=44 (full 0):
 garbage-first heap   total 403456K, used 198326K [0x0000000080000000, 0x0000000100000000)
  region size 1024K, 11 young (11264K), 11 survivors (11264K)
 Metaspace       used 103433K, committed 104640K, reserved 557056K
  class space    used 14531K, committed 15104K, reserved 425984K
}
Event: 41.061 GC heap before
{Heap before GC invocations=44 (full 0):
 garbage-first heap   total 403456K, used 206518K [0x0000000080000000, 0x0000000100000000)
  region size 1024K, 19 young (19456K), 11 survivors (11264K)
 Metaspace       used 103433K, committed 104640K, reserved 557056K
  class space    used 14531K, committed 15104K, reserved 425984K
}
Event: 41.084 GC heap after
{Heap after GC invocations=45 (full 0):
 garbage-first heap   total 403456K, used 198945K [0x0000000080000000, 0x0000000100000000)
  region size 1024K, 3 young (3072K), 3 survivors (3072K)
 Metaspace       used 103433K, committed 104640K, reserved 557056K
  class space    used 14531K, committed 15104K, reserved 425984K
}
Event: 43.019 GC heap before
{Heap before GC invocations=45 (full 0):
 garbage-first heap   total 403456K, used 314657K [0x0000000080000000, 0x0000000100000000)
  region size 1024K, 112 young (114688K), 3 survivors (3072K)
 Metaspace       used 108022K, committed 109248K, reserved 557056K
  class space    used 15168K, committed 15744K, reserved 425984K
}
Event: 43.049 GC heap after
{Heap after GC invocations=46 (full 0):
 garbage-first heap   total 403456K, used 217373K [0x0000000080000000, 0x0000000100000000)
  region size 1024K, 14 young (14336K), 14 survivors (14336K)
 Metaspace       used 108022K, committed 109248K, reserved 557056K
  class space    used 15168K, committed 15744K, reserved 425984K
}
Event: 44.435 GC heap before
{Heap before GC invocations=46 (full 0):
 garbage-first heap   total 403456K, used 316701K [0x0000000080000000, 0x0000000100000000)
  region size 1024K, 111 young (113664K), 14 survivors (14336K)
 Metaspace       used 109001K, committed 110208K, reserved 557056K
  class space    used 15243K, committed 15808K, reserved 425984K
}
Event: 44.468 GC heap after
{Heap after GC invocations=47 (full 0):
 garbage-first heap   total 403456K, used 231107K [0x0000000080000000, 0x0000000100000000)
  region size 1024K, 13 young (13312K), 13 survivors (13312K)
 Metaspace       used 109001K, committed 110208K, reserved 557056K
  class space    used 15243K, committed 15808K, reserved 425984K
}
Event: 45.697 GC heap before
{Heap before GC invocations=47 (full 0):
 garbage-first heap   total 403456K, used 324291K [0x0000000080000000, 0x0000000100000000)
  region size 1024K, 104 young (106496K), 13 survivors (13312K)
 Metaspace       used 109540K, committed 110784K, reserved 557056K
  class space    used 15301K, committed 15872K, reserved 425984K
}
Event: 45.728 GC heap after
{Heap after GC invocations=48 (full 0):
 garbage-first heap   total 403456K, used 239371K [0x0000000080000000, 0x0000000100000000)
  region size 1024K, 9 young (9216K), 9 survivors (9216K)
 Metaspace       used 109540K, committed 110784K, reserved 557056K
  class space    used 15301K, committed 15872K, reserved 425984K
}
Event: 46.789 GC heap before
{Heap before GC invocations=49 (full 0):
 garbage-first heap   total 437248K, used 326411K [0x0000000080000000, 0x0000000100000000)
  region size 1024K, 94 young (96256K), 9 survivors (9216K)
 Metaspace       used 109914K, committed 111168K, reserved 557056K
  class space    used 15348K, committed 15936K, reserved 425984K
}
Event: 46.814 GC heap after
{Heap after GC invocations=50 (full 0):
 garbage-first heap   total 437248K, used 243360K [0x0000000080000000, 0x0000000100000000)
  region size 1024K, 6 young (6144K), 6 survivors (6144K)
 Metaspace       used 109914K, committed 111168K, reserved 557056K
  class space    used 15348K, committed 15936K, reserved 425984K
}
Event: 46.875 GC heap before
{Heap before GC invocations=50 (full 0):
 garbage-first heap   total 437248K, used 258720K [0x0000000080000000, 0x0000000100000000)
  region size 1024K, 21 young (21504K), 6 survivors (6144K)
 Metaspace       used 109914K, committed 111168K, reserved 557056K
  class space    used 15348K, committed 15936K, reserved 425984K
}
Event: 46.887 GC heap after
{Heap after GC invocations=51 (full 0):
 garbage-first heap   total 437248K, used 239366K [0x0000000080000000, 0x0000000100000000)
  region size 1024K, 3 young (3072K), 3 survivors (3072K)
 Metaspace       used 109914K, committed 111168K, reserved 557056K
  class space    used 15348K, committed 15936K, reserved 425984K
}

